0 info it worked if it ends with ok
1 verbose cli [ 'C:\\Program Files\\nodejs\\node.exe',
1 verbose cli   'C:\\Program Files\\nodejs\\node_modules\\npm\\bin\\npm-cli.js',
1 verbose cli   'i',
1 verbose cli   'node-red-contrib-rmm3.1' ]
2 info using npm@3.3.12
3 info using node@v5.2.0
4 silly loadCurrentTree Starting
5 silly install loadCurrentTree
6 silly install readLocalPackageData
7 silly fetchPackageMetaData node-red-contrib-rmm3.1
8 silly fetchNamedPackageData node-red-contrib-rmm3.1
9 silly mapToRegistry name node-red-contrib-rmm3.1
10 silly mapToRegistry using default registry
11 silly mapToRegistry registry https://registry.npmjs.org/
12 silly mapToRegistry uri https://registry.npmjs.org/node-red-contrib-rmm3.1
13 verbose request uri https://registry.npmjs.org/node-red-contrib-rmm3.1
14 verbose request no auth needed
15 info attempt registry request try #1 at 15:09:16
16 verbose request using bearer token for auth
17 verbose request id 349a354fac086edf
18 http request GET https://registry.npmjs.org/node-red-contrib-rmm3.1
19 http 200 https://registry.npmjs.org/node-red-contrib-rmm3.1
20 verbose headers { server: 'CouchDB/1.5.0 (Erlang OTP/R16B03)',
20 verbose headers   etag: '"6GJEWQJE1J6D61G4SATTVGNVX"',
20 verbose headers   'content-type': 'application/json',
20 verbose headers   'cache-control': 'max-age=300',
20 verbose headers   'content-length': '6201',
20 verbose headers   'accept-ranges': 'bytes',
20 verbose headers   date: 'Wed, 23 Dec 2015 07:09:16 GMT',
20 verbose headers   via: '1.1 varnish',
20 verbose headers   connection: 'keep-alive',
20 verbose headers   'x-served-by': 'cache-hkg6821-HKG',
20 verbose headers   'x-cache': 'MISS',
20 verbose headers   'x-cache-hits': '0',
20 verbose headers   'x-timer': 'S1450854555.665219,VS0,VE758',
20 verbose headers   vary: 'Accept' }
21 silly get cb [ 200,
21 silly get   { server: 'CouchDB/1.5.0 (Erlang OTP/R16B03)',
21 silly get     etag: '"6GJEWQJE1J6D61G4SATTVGNVX"',
21 silly get     'content-type': 'application/json',
21 silly get     'cache-control': 'max-age=300',
21 silly get     'content-length': '6201',
21 silly get     'accept-ranges': 'bytes',
21 silly get     date: 'Wed, 23 Dec 2015 07:09:16 GMT',
21 silly get     via: '1.1 varnish',
21 silly get     connection: 'keep-alive',
21 silly get     'x-served-by': 'cache-hkg6821-HKG',
21 silly get     'x-cache': 'MISS',
21 silly get     'x-cache-hits': '0',
21 silly get     'x-timer': 'S1450854555.665219,VS0,VE758',
21 silly get     vary: 'Accept' } ]
22 verbose get saving node-red-contrib-rmm3.1 to C:\Users\tung.yi\AppData\Roaming\npm-cache\registry.npmjs.org\node-red-contrib-rmm3.1\.cache.json
23 silly install normalizeTree
24 silly loadCurrentTree Finishing
25 silly loadIdealTree Starting
26 silly install loadIdealTree
27 silly cloneCurrentTree Starting
28 silly install cloneCurrentTreeToIdealTree
29 silly cloneCurrentTree Finishing
30 silly loadShrinkwrap Starting
31 silly install loadShrinkwrap
32 silly loadShrinkwrap Finishing
33 silly loadAllDepsIntoIdealTree Starting
34 silly install loadAllDepsIntoIdealTree
35 silly rollbackFailedOptional Starting
36 silly rollbackFailedOptional Finishing
37 silly runTopLevelLifecycles Starting
38 silly runTopLevelLifecycles Finishing
39 silly install printInstalled
40 verbose stack Error: Refusing to install node-red-contrib-rmm3.1 as a dependency of itself
40 verbose stack     at checkSelf (C:\Program Files\nodejs\node_modules\npm\lib\install\validate-args.js:40:14)
40 verbose stack     at Array.<anonymous> (C:\Program Files\nodejs\node_modules\npm\node_modules\slide\lib\bind-actor.js:15:8)
40 verbose stack     at LOOP (C:\Program Files\nodejs\node_modules\npm\node_modules\slide\lib\chain.js:15:14)
40 verbose stack     at chain (C:\Program Files\nodejs\node_modules\npm\node_modules\slide\lib\chain.js:20:5)
40 verbose stack     at C:\Program Files\nodejs\node_modules\npm\lib\install\validate-args.js:15:5
40 verbose stack     at C:\Program Files\nodejs\node_modules\npm\node_modules\slide\lib\async-map.js:52:35
40 verbose stack     at Array.forEach (native)
40 verbose stack     at C:\Program Files\nodejs\node_modules\npm\node_modules\slide\lib\async-map.js:52:11
40 verbose stack     at Array.forEach (native)
40 verbose stack     at asyncMap (C:\Program Files\nodejs\node_modules\npm\node_modules\slide\lib\async-map.js:51:8)
41 verbose cwd D:\GitHub_20151215\node-red-contrib-rmm-3.1
42 error Windows_NT 6.1.7601
43 error argv "C:\\Program Files\\nodejs\\node.exe" "C:\\Program Files\\nodejs\\node_modules\\npm\\bin\\npm-cli.js" "i" "node-red-contrib-rmm3.1"
44 error node v5.2.0
45 error npm  v3.3.12
46 error code ENOSELF
47 error Refusing to install node-red-contrib-rmm3.1 as a dependency of itself
48 error If you need help, you may report this error at:
48 error     <https://github.com/npm/npm/issues>
49 verbose exit [ 1, true ]
